<?xml version="1.0" encoding="UTF-8"?>
<!-- Generated by org.testng.reporters.JUnitXMLReporter -->
<testsuite ignored="11" hostname="DESKTOP-ABJFIHD" failures="1" tests="1" name="Default test" time="3.139" errors="0" timestamp="2024-08-07T17:45:29 IST">
  <testcase classname="api.testCases.PetTest" name="testGetPetByStatus2" time="2.93">
    <failure type="java.lang.AssertionError" message="expected [true] but found [false]">
      <![CDATA[java.lang.AssertionError: expected [true] but found [false]
at org.testng.Assert.fail(Assert.java:99)
at org.testng.Assert.failNotEquals(Assert.java:1037)
at org.testng.Assert.assertTrue(Assert.java:45)
at org.testng.Assert.assertTrue(Assert.java:55)
at api.testCases.PetTest.testGetPetByStatus2(PetTest.java:335)
at java.base/jdk.internal.reflect.NativeMethodAccessorImpl.invoke0(Native Method)
at java.base/jdk.internal.reflect.NativeMethodAccessorImpl.invoke(NativeMethodAccessorImpl.java:77)
at java.base/jdk.internal.reflect.DelegatingMethodAccessorImpl.invoke(DelegatingMethodAccessorImpl.java:43)
at java.base/java.lang.reflect.Method.invoke(Method.java:568)
at org.testng.internal.MethodInvocationHelper.invokeMethod(MethodInvocationHelper.java:132)
at org.testng.internal.TestInvoker.invokeMethod(TestInvoker.java:599)
at org.testng.internal.TestInvoker.invokeTestMethod(TestInvoker.java:174)
at org.testng.internal.MethodRunner.runInSequence(MethodRunner.java:46)
at org.testng.internal.TestInvoker$MethodInvocationAgent.invoke(TestInvoker.java:822)
at org.testng.internal.TestInvoker.invokeTestMethods(TestInvoker.java:147)
at org.testng.internal.TestMethodWorker.invokeTestMethods(TestMethodWorker.java:146)
at org.testng.internal.TestMethodWorker.run(TestMethodWorker.java:128)
at java.base/java.util.ArrayList.forEach(ArrayList.java:1511)
at org.testng.TestRunner.privateRun(TestRunner.java:764)
at org.testng.TestRunner.run(TestRunner.java:585)
at org.testng.SuiteRunner.runTest(SuiteRunner.java:384)
at org.testng.SuiteRunner.runSequentially(SuiteRunner.java:378)
at org.testng.SuiteRunner.privateRun(SuiteRunner.java:337)
at org.testng.SuiteRunner.run(SuiteRunner.java:286)
at org.testng.SuiteRunnerWorker.runSuite(SuiteRunnerWorker.java:53)
at org.testng.SuiteRunnerWorker.run(SuiteRunnerWorker.java:96)
at org.testng.TestNG.runSuitesSequentially(TestNG.java:1218)
at org.testng.TestNG.runSuitesLocally(TestNG.java:1140)
at org.testng.TestNG.runSuites(TestNG.java:1069)
at org.testng.TestNG.run(TestNG.java:1037)
at org.testng.remote.AbstractRemoteTestNG.run(AbstractRemoteTestNG.java:115)
at org.testng.remote.RemoteTestNG.initAndRun(RemoteTestNG.java:251)
at org.testng.remote.RemoteTestNG.main(RemoteTestNG.java:77)
]]>
    </failure>
  </testcase> <!-- testGetPetByStatus2 -->
  <testcase classname="api.testCases.PetTest" name="testGetPet404" time="0.0">
    <ignored/>
  </testcase> <!-- testGetPet404 -->
  <testcase classname="api.testCases.PetTest" name="testDeletePet" time="0.0">
    <ignored/>
  </testcase> <!-- testDeletePet -->
  <testcase classname="api.testCases.PetTest" name="testGetPet400" time="0.0">
    <ignored/>
  </testcase> <!-- testGetPet400 -->
  <testcase classname="api.testCases.PetTest" name="testGetPetByStatus" time="0.0">
    <ignored/>
  </testcase> <!-- testGetPetByStatus -->
  <testcase classname="api.testCases.PetTest" name="testGetPet500Error" time="0.0">
    <ignored/>
  </testcase> <!-- testGetPet500Error -->
  <testcase classname="api.testCases.PetTest" name="testaddNewPet405" time="0.0">
    <ignored/>
  </testcase> <!-- testaddNewPet405 -->
  <testcase classname="api.testCases.PetTest" name="testGetPet" time="0.0">
    <ignored/>
  </testcase> <!-- testGetPet -->
  <testcase classname="api.testCases.PetTest" name="testAddNewPet" time="0.0">
    <ignored/>
  </testcase> <!-- testAddNewPet -->
  <testcase classname="api.testCases.PetTest" name="testUploadPetImage" time="0.0">
    <ignored/>
  </testcase> <!-- testUploadPetImage -->
  <testcase classname="api.testCases.PetTest" name="testgetPetFindbyStatus" time="0.0">
    <ignored/>
  </testcase> <!-- testgetPetFindbyStatus -->
  <testcase classname="api.testCases.PetTest" name="testupdatePetName" time="0.0">
    <ignored/>
  </testcase> <!-- testupdatePetName -->
</testsuite> <!-- Default test -->
